<?xml version="1.0" encoding="UTF-8"?>
<!-- Generated by org.testng.reporters.JUnitReportReporter -->
<testsuite hostname="DESKTOP-C1S3Q44" failures="0" tests="2" name="com.automationDemo.automationdemo1.TestCase" time="35.230" errors="0" timestamp="2025-09-20T20:15:30 IST" skipped="0">
  <testcase classname="com.automationDemo.automationdemo1.TestCase" name="loginTest" time="10.807"/>
  <testcase classname="com.automationDemo.automationdemo1.TestCase" name="loginTest" time="24.423"/>
</testsuite> <!-- com.automationDemo.automationdemo1.TestCase -->
