<?xml version="1.0" encoding="UTF-8"?>
<!-- Generated by org.testng.reporters.JUnitReportReporter -->
<testsuite hostname="DESKTOP-C1S3Q44" failures="0" tests="2" name="com.automationDemo.automationdemo1.TestCase" time="9.934" errors="0" timestamp="2025-09-20T20:18:04 IST" skipped="0">
  <testcase classname="com.automationDemo.automationdemo1.TestCase" name="loginTest" time="3.380"/>
  <testcase classname="com.automationDemo.automationdemo1.TestCase" name="loginTest" time="6.554"/>
</testsuite> <!-- com.automationDemo.automationdemo1.TestCase -->
